<?xml version="1.0" encoding="UTF-8"?>
<!-- Generated by org.testng.reporters.JUnitReportReporter -->
<testsuite hostname="EC2AMAZ-S11DBRH" failures="0" tests="4" name="testScripts.GooglePageTest" time="6.368" errors="0" timestamp="2023-11-27T13:46:44 GMT" skipped="2">
  <testcase classname="testScripts.GooglePageTest" name="javaSearchTest" time="1.939"/>
  <system-out/>
  <testcase classname="testScripts.GooglePageTest" name="seleniumSearchTest" time="4.429"/>
  <system-out/>
  <testcase classname="testScripts.GooglePageTest" name="cyPressSearchTest">
    <skipped/>
  </testcase> <!-- cyPressSearchTest -->
  <system-out/>
  <testcase classname="testScripts.GooglePageTest" name="appiumSearchTest">
    <skipped/>
  </testcase> <!-- appiumSearchTest -->
  <system-out/>
</testsuite> <!-- testScripts.GooglePageTest -->
