<?xml version="1.0" encoding="UTF-8"?>
<!-- Generated by org.testng.reporters.JUnitReportReporter -->
<testsuite hostname="EC2AMAZ-S11DBRH" failures="0" tests="1" name="testScripts.GooglePageTest" time="4.352" errors="0" timestamp="2023-11-24T14:17:19 GMT" skipped="0">
  <testcase classname="testScripts.GooglePageTest" name="seleniumSearchTest" time="4.352"/>
  <system-out/>
</testsuite> <!-- testScripts.GooglePageTest -->
