<?xml version="1.0" encoding="UTF-8"?>
<!-- Generated by org.testng.reporters.JUnitReportReporter -->
<testsuite hostname="EC2AMAZ-S11DBRH" failures="0" tests="1" name="testScripts.CDPTest" time="4.778" errors="0" timestamp="2023-11-28T13:44:38 GMT" skipped="0">
  <testcase classname="testScripts.CDPTest" name="captureConsoleLogTest" time="4.778"/>
  <system-out/>
</testsuite> <!-- testScripts.CDPTest -->
