<?xml version="1.0" encoding="UTF-8"?>
<!-- Generated by org.testng.reporters.JUnitReportReporter -->
<testsuite hostname="EC2AMAZ-S11DBRH" failures="0" tests="11" name="parallelScripts.SampleOne" time="0.093" errors="0" timestamp="2023-11-27T13:24:09 GMT" skipped="0">
  <testcase classname="parallelScripts.SampleOne" name="test4" time="0.016"/>
  <system-out/>
  <testcase classname="parallelScripts.SampleOne" name="test4" time="0.012"/>
  <system-out/>
  <testcase classname="parallelScripts.SampleOne" name="test4" time="0.002"/>
  <system-out/>
  <testcase classname="parallelScripts.SampleOne" name="test4" time="0.005"/>
  <system-out/>
  <testcase classname="parallelScripts.SampleOne" name="test4" time="0.013"/>
  <system-out/>
  <testcase classname="parallelScripts.SampleOne" name="test4" time="0.024"/>
  <system-out/>
  <testcase classname="parallelScripts.SampleOne" name="test2" time="0.002"/>
  <system-out/>
  <testcase classname="parallelScripts.SampleOne" name="test4" time="0.001"/>
  <system-out/>
  <testcase classname="parallelScripts.SampleOne" name="test3" time="0.002"/>
  <system-out/>
  <testcase classname="parallelScripts.SampleOne" name="test4" time="0.005"/>
  <system-out/>
  <testcase classname="parallelScripts.SampleOne" name="test1" time="0.011"/>
  <system-out/>
</testsuite> <!-- parallelScripts.SampleOne -->
