<?xml version="1.0" encoding="UTF-8"?>
<!-- Generated by org.testng.reporters.JUnitReportReporter -->
<testsuite hostname="EC2AMAZ-S11DBRH" failures="0" tests="4" name="testScripts.SampleFour" time="0.008" errors="0" timestamp="2023-11-27T12:17:08 GMT" skipped="0">
  <testcase classname="testScripts.SampleFour" name="sampleOne" time="0.001"/>
  <system-out/>
  <testcase classname="testScripts.SampleFour" name="sampleTwo" time="0.003"/>
  <system-out/>
  <testcase classname="testScripts.SampleFour" name="sampleThree" time="0.002"/>
  <system-out/>
  <testcase classname="testScripts.SampleFour" name="sampleFour" time="0.002"/>
  <system-out/>
</testsuite> <!-- testScripts.SampleFour -->
