<?xml version="1.0" encoding="UTF-8"?>
<!-- Generated by org.testng.reporters.JUnitReportReporter -->
<testsuite hostname="EC2AMAZ-S11DBRH" failures="0" tests="3" name="parallelScripts.SampleThree" time="0.005" errors="0" timestamp="2023-11-27T13:14:36 GMT" skipped="0">
  <testcase classname="parallelScripts.SampleThree" name="test3" time="0.001"/>
  <system-out/>
  <testcase classname="parallelScripts.SampleThree" name="test2" time="0.002"/>
  <system-out/>
  <testcase classname="parallelScripts.SampleThree" name="test1" time="0.002"/>
  <system-out/>
</testsuite> <!-- parallelScripts.SampleThree -->
