<?xml version="1.0" encoding="UTF-8"?>
<!-- Generated by org.testng.reporters.JUnitReportReporter -->
<testsuite hostname="EC2AMAZ-S11DBRH" failures="0" tests="4" name="testScripts.SampleThree" time="0.015" errors="0" timestamp="2023-11-27T12:17:08 GMT" skipped="0">
  <testcase classname="testScripts.SampleThree" name="four" time="0.010"/>
  <system-out/>
  <testcase classname="testScripts.SampleThree" name="three" time="0.002"/>
  <system-out/>
  <testcase classname="testScripts.SampleThree" name="one" time="0.002"/>
  <system-out/>
  <testcase classname="testScripts.SampleThree" name="two" time="0.001"/>
  <system-out/>
</testsuite> <!-- testScripts.SampleThree -->
