<?xml version="1.0" encoding="UTF-8"?>
<!-- Generated by org.testng.reporters.JUnitReportReporter -->
<testsuite hostname="EC2AMAZ-S11DBRH" failures="0" tests="4" name="parallelScripts.SampleFour" time="0.021" errors="0" timestamp="2023-11-27T13:14:36 GMT" skipped="0">
  <testcase classname="parallelScripts.SampleFour" name="test3" time="0.002"/>
  <system-out/>
  <testcase classname="parallelScripts.SampleFour" name="test2" time="0.005"/>
  <system-out/>
  <testcase classname="parallelScripts.SampleFour" name="test4" time="0.003"/>
  <system-out/>
  <testcase classname="parallelScripts.SampleFour" name="test1" time="0.011"/>
  <system-out/>
</testsuite> <!-- parallelScripts.SampleFour -->
